{"total": {"lines":{"total":60,"covered":60,"skipped":0,"pct":100},"statements":{"total":66,"covered":66,"skipped":0,"pct":100},"functions":{"total":14,"covered":14,"skipped":0,"pct":100},"branches":{"total":35,"covered":35,"skipped":0,"pct":100},"branchesTrue":{"total":0,"covered":0,"skipped":0,"pct":"Unknown"}}
,"/home/erika/Documentos/sd-022-a-project-zoo-functions/src/getOpeningHours.js": {"lines":{"total":39,"covered":39,"skipped":0,"pct":100},"functions":{"total":7,"covered":7,"skipped":0,"pct":100},"statements":{"total":42,"covered":42,"skipped":0,"pct":100},"branches":{"total":25,"covered":25,"skipped":0,"pct":100}}
,"/home/erika/Documentos/sd-022-a-project-zoo-functions/src/handlerElephants.js": {"lines":{"total":21,"covered":21,"skipped":0,"pct":100},"functions":{"total":7,"covered":7,"skipped":0,"pct":100},"statements":{"total":24,"covered":24,"skipped":0,"pct":100},"branches":{"total":10,"covered":10,"skipped":0,"pct":100}}
}
